<?xml version="1.0" encoding="UTF-8"?>
<!-- Generated by org.testng.reporters.JUnitReportReporter -->
<testsuite hostname="DESKTOP-818T4EK" failures="0" tests="1" name="DNA_AUTOMATION.Login_Automation_case" time="117.018" errors="0" timestamp="2024-01-11T21:37:59 PKT" skipped="0">
  <testcase classname="DNA_AUTOMATION.Login_Automation_case" name="login_case" time="117.018"/>
</testsuite> <!-- DNA_AUTOMATION.Login_Automation_case -->
